<?xml version="1.0" encoding="UTF-8"?>
<robot generator="Robot 7.4.1 (Python 3.12.3 on linux)" generated="2025-12-27T18:26:38.085418" rpa="false" schemaversion="5">
<suite id="s1" name="Fill Form From Csv" source="/home/bruno/Documentos/projeto-robot/tests/fill_form_from_csv.robot">
<test id="s1-t1" name="Cadastrar Candidatos do CSV" line="14">
<kw name="Open Browser" owner="SeleniumLibrary">
<msg time="2025-12-27T18:26:38.207306" level="WARN">exexcutable_path is being deprecated. Please use service to configure the driver's executable_path as per documentation.</msg>
<msg time="2025-12-27T18:26:38.207387" level="INFO">Opening browser 'Chrome' to base url 'http://localhost:5000'.</msg>
<msg time="2025-12-27T18:26:38.207691" level="INFO">Cannot capture screenshot because no browser is open.</msg>
<msg time="2025-12-27T18:26:38.207765" level="FAIL">NoSuchDriverException: Message: Unable to obtain driver for chrome; For documentation on this error, please visit: https://www.selenium.dev/documentation/webdriver/troubleshooting/errors/driver_location
</msg>
<arg>${FORM_URL}</arg>
<arg>browser=Chrome</arg>
<arg>executable_path=/usr/local/bin/chromedriver</arg>
<doc>Opens a new browser instance to the optional ``url``.</doc>
<status status="FAIL" start="2025-12-27T18:26:38.207098" elapsed="0.001624">NoSuchDriverException: Message: Unable to obtain driver for chrome; For documentation on this error, please visit: https://www.selenium.dev/documentation/webdriver/troubleshooting/errors/driver_location
</status>
</kw>
<kw name="Set Selenium Speed" owner="SeleniumLibrary">
<arg>0.3s</arg>
<doc>Sets the delay that is waited after each Selenium command.</doc>
<status status="NOT RUN" start="2025-12-27T18:26:38.208862" elapsed="0.000025"/>
</kw>
<kw name="Ler Candidatos do CSV" owner="csv_reader">
<var>${candidatos}</var>
<arg>${CSV_PATH}</arg>
<status status="NOT RUN" start="2025-12-27T18:26:38.209115" elapsed="0.000029"/>
</kw>
<kw name="Log Many" owner="BuiltIn">
<arg>@{candidatos}</arg>
<doc>Logs the given messages as separate entries using the INFO level.</doc>
<status status="NOT RUN" start="2025-12-27T18:26:38.209241" elapsed="0.000021"/>
</kw>
<for flavor="IN">
<iter>
<kw name="Preencher Formulário">
<arg>${cand}[nome]</arg>
<arg>${cand}[email]</arg>
<arg>${cand}[cargo]</arg>
<status status="NOT RUN" start="2025-12-27T18:26:38.209492" elapsed="0.000022"/>
</kw>
<var name="${cand}"/>
<status status="NOT RUN" start="2025-12-27T18:26:38.209387" elapsed="0.000157"/>
</iter>
<var>${cand}</var>
<value>@{candidatos}</value>
<status status="NOT RUN" start="2025-12-27T18:26:38.209321" elapsed="0.000254"/>
</for>
<kw name="Close Browser" owner="SeleniumLibrary">
<doc>Closes the current browser.</doc>
<status status="NOT RUN" start="2025-12-27T18:26:38.209669" elapsed="0.000019"/>
</kw>
<status status="FAIL" start="2025-12-27T18:26:38.206323" elapsed="0.003471">NoSuchDriverException: Message: Unable to obtain driver for chrome; For documentation on this error, please visit: https://www.selenium.dev/documentation/webdriver/troubleshooting/errors/driver_location
</status>
</test>
<doc>Simula cadastro de candidatos lidos de um CSV</doc>
<status status="FAIL" start="2025-12-27T18:26:38.086070" elapsed="0.123986"/>
</suite>
<statistics>
<total>
<stat pass="0" fail="1" skip="0">All Tests</stat>
</total>
<tag>
</tag>
<suite>
<stat name="Fill Form From Csv" id="s1" pass="0" fail="1" skip="0">Fill Form From Csv</stat>
</suite>
</statistics>
<errors>
<msg time="2025-12-27T18:26:38.207306" level="WARN">exexcutable_path is being deprecated. Please use service to configure the driver's executable_path as per documentation.</msg>
</errors>
</robot>
