<?xml version="1.0" encoding="UTF-8"?>
<robot generator="Robot 7.4.1 (Python 3.12.3 on linux)" generated="2025-12-28T16:23:25.744171" rpa="false" schemaversion="5">
<suite id="s1" name="Fill Form From Csv" source="/home/bruno/Documentos/projeto-robot/tests/fill_form_from_csv.robot">
<test id="s1-t1" name="Cadastrar Candidatos do CSV" line="14">
<kw name="Open Browser" owner="SeleniumLibrary">
<msg time="2025-12-28T16:23:25.879722" level="INFO">Opening browser 'Chrome' to base url 'http://localhost:5000'.</msg>
<arg>${FORM_URL}</arg>
<arg>Chrome</arg>
<doc>Opens a new browser instance to the optional ``url``.</doc>
<status status="PASS" start="2025-12-28T16:23:25.879520" elapsed="0.918177"/>
</kw>
<kw name="Set Selenium Speed" owner="SeleniumLibrary">
<arg>0.3s</arg>
<doc>Sets the delay that is waited after each Selenium command.</doc>
<status status="PASS" start="2025-12-28T16:23:26.797991" elapsed="0.000263"/>
</kw>
<kw name="Ler Candidatos do CSV" owner="csv_reader">
<kw name="Get File" owner="OperatingSystem">
<msg time="2025-12-28T16:23:26.799212" level="INFO" html="true">Getting file '&lt;a href="file:///home/bruno/Documentos/projeto-robot/dados/candidatos.csv"&gt;/home/bruno/Documentos/projeto-robot/dados/candidatos.csv&lt;/a&gt;'.</msg>
<msg time="2025-12-28T16:23:26.799344" level="INFO">${conteudo} = nome,email,cargo
Ana Silva,ana@email.com,Analista de RH
Carlos Souza,carlos@email.com,Desenvolvedor Python
Maria Oliveira,maria@email.com,Coordenadora de Projetos
</msg>
<var>${conteudo}</var>
<arg>${caminho_csv}</arg>
<arg>encoding=utf-8</arg>
<doc>Returns the contents of a specified file.</doc>
<status status="PASS" start="2025-12-28T16:23:26.798891" elapsed="0.000479"/>
</kw>
<kw name="Split To Lines" owner="String">
<msg time="2025-12-28T16:23:26.799574" level="INFO">4 lines returned.</msg>
<msg time="2025-12-28T16:23:26.799642" level="INFO">@{linhas} = [ nome,email,cargo | Ana Silva,ana@email.com,Analista de RH | Carlos Souza,carlos@email.com,Desenvolvedor Python | Maria Oliveira,maria@email.com,Coordenadora de Projetos ]</msg>
<var>@{linhas}</var>
<arg>${conteudo}</arg>
<doc>Splits the given string to lines.</doc>
<status status="PASS" start="2025-12-28T16:23:26.799459" elapsed="0.000206"/>
</kw>
<kw name="Split String" owner="String">
<msg time="2025-12-28T16:23:26.799896" level="INFO">${cabecalho} = ['nome', 'email', 'cargo']</msg>
<var>${cabecalho}</var>
<arg>${linhas}[0]</arg>
<arg>,</arg>
<doc>Splits the ``string`` using ``separator`` as a delimiter string.</doc>
<status status="PASS" start="2025-12-28T16:23:26.799743" elapsed="0.000173"/>
</kw>
<kw name="Create List" owner="BuiltIn">
<msg time="2025-12-28T16:23:26.800221" level="INFO">${resultados} = []</msg>
<var>${resultados}</var>
<doc>Returns a list containing given items.</doc>
<status status="PASS" start="2025-12-28T16:23:26.799999" elapsed="0.000242"/>
</kw>
<for flavor="IN">
<iter>
<kw name="Split String" owner="String">
<msg time="2025-12-28T16:23:26.800689" level="INFO">${campos} = ['Ana Silva', 'ana@email.com', 'Analista de RH']</msg>
<var>${campos}</var>
<arg>${linha}</arg>
<arg>,</arg>
<doc>Splits the ``string`` using ``separator`` as a delimiter string.</doc>
<status status="PASS" start="2025-12-28T16:23:26.800547" elapsed="0.000162"/>
</kw>
<kw name="Create Dictionary" owner="BuiltIn">
<msg time="2025-12-28T16:23:26.801019" level="INFO">${dict} = {}</msg>
<var>${dict}</var>
<doc>Creates and returns a dictionary based on the given ``items``.</doc>
<status status="PASS" start="2025-12-28T16:23:26.800799" elapsed="0.000241"/>
</kw>
<kw name="Get Length" owner="BuiltIn">
<msg time="2025-12-28T16:23:26.801403" level="INFO">Length is 3.</msg>
<msg time="2025-12-28T16:23:26.801456" level="INFO">${tamanho} = 3</msg>
<var>${tamanho}</var>
<arg>${cabecalho}</arg>
<doc>Returns and logs the length of the given item as an integer.</doc>
<status status="PASS" start="2025-12-28T16:23:26.801116" elapsed="0.000358"/>
</kw>
<for flavor="IN RANGE">
<iter>
<kw name="Set Variable" owner="BuiltIn">
<msg time="2025-12-28T16:23:26.801925" level="INFO">${chave} = nome</msg>
<var>${chave}</var>
<arg>${cabecalho}[${i}]</arg>
<doc>Returns the given values which can then be assigned to a variables.</doc>
<status status="PASS" start="2025-12-28T16:23:26.801709" elapsed="0.000238"/>
</kw>
<kw name="Set Variable" owner="BuiltIn">
<msg time="2025-12-28T16:23:26.802238" level="INFO">${valor} = Ana Silva</msg>
<var>${valor}</var>
<arg>${campos}[${i}]</arg>
<doc>Returns the given values which can then be assigned to a variables.</doc>
<status status="PASS" start="2025-12-28T16:23:26.802025" elapsed="0.000232"/>
</kw>
<kw name="Set To Dictionary" owner="Collections">
<arg>${dict}</arg>
<arg>${chave}</arg>
<arg>${valor}</arg>
<doc>Adds the given ``key_value_pairs`` and/or ``items`` to the ``dictionary``.</doc>
<status status="PASS" start="2025-12-28T16:23:26.802333" elapsed="0.000189"/>
</kw>
<var name="${i}">0</var>
<status status="PASS" start="2025-12-28T16:23:26.801638" elapsed="0.000920"/>
</iter>
<iter>
<kw name="Set Variable" owner="BuiltIn">
<msg time="2025-12-28T16:23:26.802906" level="INFO">${chave} = email</msg>
<var>${chave}</var>
<arg>${cabecalho}[${i}]</arg>
<doc>Returns the given values which can then be assigned to a variables.</doc>
<status status="PASS" start="2025-12-28T16:23:26.802702" elapsed="0.000225"/>
</kw>
<kw name="Set Variable" owner="BuiltIn">
<msg time="2025-12-28T16:23:26.803198" level="INFO">${valor} = ana@email.com</msg>
<var>${valor}</var>
<arg>${campos}[${i}]</arg>
<doc>Returns the given values which can then be assigned to a variables.</doc>
<status status="PASS" start="2025-12-28T16:23:26.803002" elapsed="0.000215"/>
</kw>
<kw name="Set To Dictionary" owner="Collections">
<arg>${dict}</arg>
<arg>${chave}</arg>
<arg>${valor}</arg>
<doc>Adds the given ``key_value_pairs`` and/or ``items`` to the ``dictionary``.</doc>
<status status="PASS" start="2025-12-28T16:23:26.803288" elapsed="0.000142"/>
</kw>
<var name="${i}">1</var>
<status status="PASS" start="2025-12-28T16:23:26.802639" elapsed="0.000825"/>
</iter>
<iter>
<kw name="Set Variable" owner="BuiltIn">
<msg time="2025-12-28T16:23:26.803806" level="INFO">${chave} = cargo</msg>
<var>${chave}</var>
<arg>${cabecalho}[${i}]</arg>
<doc>Returns the given values which can then be assigned to a variables.</doc>
<status status="PASS" start="2025-12-28T16:23:26.803606" elapsed="0.000219"/>
</kw>
<kw name="Set Variable" owner="BuiltIn">
<msg time="2025-12-28T16:23:26.804085" level="INFO">${valor} = Analista de RH</msg>
<var>${valor}</var>
<arg>${campos}[${i}]</arg>
<doc>Returns the given values which can then be assigned to a variables.</doc>
<status status="PASS" start="2025-12-28T16:23:26.803897" elapsed="0.000208"/>
</kw>
<kw name="Set To Dictionary" owner="Collections">
<arg>${dict}</arg>
<arg>${chave}</arg>
<arg>${valor}</arg>
<doc>Adds the given ``key_value_pairs`` and/or ``items`` to the ``dictionary``.</doc>
<status status="PASS" start="2025-12-28T16:23:26.804184" elapsed="0.000136"/>
</kw>
<var name="${i}">2</var>
<status status="PASS" start="2025-12-28T16:23:26.803541" elapsed="0.000812"/>
</iter>
<var>${i}</var>
<value>${tamanho}</value>
<status status="PASS" start="2025-12-28T16:23:26.801522" elapsed="0.002865"/>
</for>
<kw name="Append To List" owner="Collections">
<arg>${resultados}</arg>
<arg>${dict}</arg>
<doc>Adds ``values`` to the end of ``list``.</doc>
<status status="PASS" start="2025-12-28T16:23:26.804470" elapsed="0.000140"/>
</kw>
<var name="${linha}">Ana Silva,ana@email.com,Analista de RH</var>
<status status="PASS" start="2025-12-28T16:23:26.800472" elapsed="0.004176"/>
</iter>
<iter>
<kw name="Split String" owner="String">
<msg time="2025-12-28T16:23:26.804955" level="INFO">${campos} = ['Carlos Souza', 'carlos@email.com', 'Desenvolvedor Python']</msg>
<var>${campos}</var>
<arg>${linha}</arg>
<arg>,</arg>
<doc>Splits the ``string`` using ``separator`` as a delimiter string.</doc>
<status status="PASS" start="2025-12-28T16:23:26.804815" elapsed="0.000159"/>
</kw>
<kw name="Create Dictionary" owner="BuiltIn">
<msg time="2025-12-28T16:23:26.805365" level="INFO">${dict} = {}</msg>
<var>${dict}</var>
<doc>Creates and returns a dictionary based on the given ``items``.</doc>
<status status="PASS" start="2025-12-28T16:23:26.805065" elapsed="0.000319"/>
</kw>
<kw name="Get Length" owner="BuiltIn">
<msg time="2025-12-28T16:23:26.806012" level="INFO">Length is 3.</msg>
<msg time="2025-12-28T16:23:26.806061" level="INFO">${tamanho} = 3</msg>
<var>${tamanho}</var>
<arg>${cabecalho}</arg>
<doc>Returns and logs the length of the given item as an integer.</doc>
<status status="PASS" start="2025-12-28T16:23:26.805822" elapsed="0.000256"/>
</kw>
<for flavor="IN RANGE">
<iter>
<kw name="Set Variable" owner="BuiltIn">
<msg time="2025-12-28T16:23:26.806527" level="INFO">${chave} = nome</msg>
<var>${chave}</var>
<arg>${cabecalho}[${i}]</arg>
<doc>Returns the given values which can then be assigned to a variables.</doc>
<status status="PASS" start="2025-12-28T16:23:26.806336" elapsed="0.000209"/>
</kw>
<kw name="Set Variable" owner="BuiltIn">
<msg time="2025-12-28T16:23:26.806810" level="INFO">${valor} = Carlos Souza</msg>
<var>${valor}</var>
<arg>${campos}[${i}]</arg>
<doc>Returns the given values which can then be assigned to a variables.</doc>
<status status="PASS" start="2025-12-28T16:23:26.806620" elapsed="0.000209"/>
</kw>
<kw name="Set To Dictionary" owner="Collections">
<arg>${dict}</arg>
<arg>${chave}</arg>
<arg>${valor}</arg>
<doc>Adds the given ``key_value_pairs`` and/or ``items`` to the ``dictionary``.</doc>
<status status="PASS" start="2025-12-28T16:23:26.806902" elapsed="0.000132"/>
</kw>
<var name="${i}">0</var>
<status status="PASS" start="2025-12-28T16:23:26.806276" elapsed="0.000791"/>
</iter>
<iter>
<kw name="Set Variable" owner="BuiltIn">
<msg time="2025-12-28T16:23:26.807390" level="INFO">${chave} = email</msg>
<var>${chave}</var>
<arg>${cabecalho}[${i}]</arg>
<doc>Returns the given values which can then be assigned to a variables.</doc>
<status status="PASS" start="2025-12-28T16:23:26.807204" elapsed="0.000204"/>
</kw>
<kw name="Set Variable" owner="BuiltIn">
<msg time="2025-12-28T16:23:26.807659" level="INFO">${valor} = carlos@email.com</msg>
<var>${valor}</var>
<arg>${campos}[${i}]</arg>
<doc>Returns the given values which can then be assigned to a variables.</doc>
<status status="PASS" start="2025-12-28T16:23:26.807478" elapsed="0.000199"/>
</kw>
<kw name="Set To Dictionary" owner="Collections">
<arg>${dict}</arg>
<arg>${chave}</arg>
<arg>${valor}</arg>
<doc>Adds the given ``key_value_pairs`` and/or ``items`` to the ``dictionary``.</doc>
<status status="PASS" start="2025-12-28T16:23:26.807746" elapsed="0.000130"/>
</kw>
<var name="${i}">1</var>
<status status="PASS" start="2025-12-28T16:23:26.807137" elapsed="0.000772"/>
</iter>
<iter>
<kw name="Set Variable" owner="BuiltIn">
<msg time="2025-12-28T16:23:26.808509" level="INFO">${chave} = cargo</msg>
<var>${chave}</var>
<arg>${cabecalho}[${i}]</arg>
<doc>Returns the given values which can then be assigned to a variables.</doc>
<status status="PASS" start="2025-12-28T16:23:26.808318" elapsed="0.000209"/>
</kw>
<kw name="Set Variable" owner="BuiltIn">
<msg time="2025-12-28T16:23:26.808773" level="INFO">${valor} = Desenvolvedor Python</msg>
<var>${valor}</var>
<arg>${campos}[${i}]</arg>
<doc>Returns the given values which can then be assigned to a variables.</doc>
<status status="PASS" start="2025-12-28T16:23:26.808597" elapsed="0.000194"/>
</kw>
<kw name="Set To Dictionary" owner="Collections">
<arg>${dict}</arg>
<arg>${chave}</arg>
<arg>${valor}</arg>
<doc>Adds the given ``key_value_pairs`` and/or ``items`` to the ``dictionary``.</doc>
<status status="PASS" start="2025-12-28T16:23:26.808858" elapsed="0.000131"/>
</kw>
<var name="${i}">2</var>
<status status="PASS" start="2025-12-28T16:23:26.808253" elapsed="0.000768"/>
</iter>
<var>${i}</var>
<value>${tamanho}</value>
<status status="PASS" start="2025-12-28T16:23:26.806133" elapsed="0.002920"/>
</for>
<kw name="Append To List" owner="Collections">
<arg>${resultados}</arg>
<arg>${dict}</arg>
<doc>Adds ``values`` to the end of ``list``.</doc>
<status status="PASS" start="2025-12-28T16:23:26.809135" elapsed="0.000125"/>
</kw>
<var name="${linha}">Carlos Souza,carlos@email.com,Desenvolvedor Python</var>
<status status="PASS" start="2025-12-28T16:23:26.804754" elapsed="0.004538"/>
</iter>
<iter>
<kw name="Split String" owner="String">
<msg time="2025-12-28T16:23:26.809584" level="INFO">${campos} = ['Maria Oliveira', 'maria@email.com', 'Coordenadora de Projetos']</msg>
<var>${campos}</var>
<arg>${linha}</arg>
<arg>,</arg>
<doc>Splits the ``string`` using ``separator`` as a delimiter string.</doc>
<status status="PASS" start="2025-12-28T16:23:26.809452" elapsed="0.000150"/>
</kw>
<kw name="Create Dictionary" owner="BuiltIn">
<msg time="2025-12-28T16:23:26.809853" level="INFO">${dict} = {}</msg>
<var>${dict}</var>
<doc>Creates and returns a dictionary based on the given ``items``.</doc>
<status status="PASS" start="2025-12-28T16:23:26.809687" elapsed="0.000185"/>
</kw>
<kw name="Get Length" owner="BuiltIn">
<msg time="2025-12-28T16:23:26.810107" level="INFO">Length is 3.</msg>
<msg time="2025-12-28T16:23:26.810161" level="INFO">${tamanho} = 3</msg>
<var>${tamanho}</var>
<arg>${cabecalho}</arg>
<doc>Returns and logs the length of the given item as an integer.</doc>
<status status="PASS" start="2025-12-28T16:23:26.809941" elapsed="0.000238"/>
</kw>
<for flavor="IN RANGE">
<iter>
<kw name="Set Variable" owner="BuiltIn">
<msg time="2025-12-28T16:23:26.810576" level="INFO">${chave} = nome</msg>
<var>${chave}</var>
<arg>${cabecalho}[${i}]</arg>
<doc>Returns the given values which can then be assigned to a variables.</doc>
<status status="PASS" start="2025-12-28T16:23:26.810387" elapsed="0.000209"/>
</kw>
<kw name="Set Variable" owner="BuiltIn">
<msg time="2025-12-28T16:23:26.810854" level="INFO">${valor} = Maria Oliveira</msg>
<var>${valor}</var>
<arg>${campos}[${i}]</arg>
<doc>Returns the given values which can then be assigned to a variables.</doc>
<status status="PASS" start="2025-12-28T16:23:26.810673" elapsed="0.000200"/>
</kw>
<kw name="Set To Dictionary" owner="Collections">
<arg>${dict}</arg>
<arg>${chave}</arg>
<arg>${valor}</arg>
<doc>Adds the given ``key_value_pairs`` and/or ``items`` to the ``dictionary``.</doc>
<status status="PASS" start="2025-12-28T16:23:26.810942" elapsed="0.000132"/>
</kw>
<var name="${i}">0</var>
<status status="PASS" start="2025-12-28T16:23:26.810326" elapsed="0.000780"/>
</iter>
<iter>
<kw name="Set Variable" owner="BuiltIn">
<msg time="2025-12-28T16:23:26.811424" level="INFO">${chave} = email</msg>
<var>${chave}</var>
<arg>${cabecalho}[${i}]</arg>
<doc>Returns the given values which can then be assigned to a variables.</doc>
<status status="PASS" start="2025-12-28T16:23:26.811240" elapsed="0.000202"/>
</kw>
<kw name="Set Variable" owner="BuiltIn">
<msg time="2025-12-28T16:23:26.811698" level="INFO">${valor} = maria@email.com</msg>
<var>${valor}</var>
<arg>${campos}[${i}]</arg>
<doc>Returns the given values which can then be assigned to a variables.</doc>
<status status="PASS" start="2025-12-28T16:23:26.811512" elapsed="0.000204"/>
</kw>
<kw name="Set To Dictionary" owner="Collections">
<arg>${dict}</arg>
<arg>${chave}</arg>
<arg>${valor}</arg>
<doc>Adds the given ``key_value_pairs`` and/or ``items`` to the ``dictionary``.</doc>
<status status="PASS" start="2025-12-28T16:23:26.811787" elapsed="0.000132"/>
</kw>
<var name="${i}">1</var>
<status status="PASS" start="2025-12-28T16:23:26.811182" elapsed="0.000771"/>
</iter>
<iter>
<kw name="Set Variable" owner="BuiltIn">
<msg time="2025-12-28T16:23:26.812276" level="INFO">${chave} = cargo</msg>
<var>${chave}</var>
<arg>${cabecalho}[${i}]</arg>
<doc>Returns the given values which can then be assigned to a variables.</doc>
<status status="PASS" start="2025-12-28T16:23:26.812083" elapsed="0.000212"/>
</kw>
<kw name="Set Variable" owner="BuiltIn">
<msg time="2025-12-28T16:23:26.812541" level="INFO">${valor} = Coordenadora de Projetos</msg>
<var>${valor}</var>
<arg>${campos}[${i}]</arg>
<doc>Returns the given values which can then be assigned to a variables.</doc>
<status status="PASS" start="2025-12-28T16:23:26.812364" elapsed="0.000196"/>
</kw>
<kw name="Set To Dictionary" owner="Collections">
<arg>${dict}</arg>
<arg>${chave}</arg>
<arg>${valor}</arg>
<doc>Adds the given ``key_value_pairs`` and/or ``items`` to the ``dictionary``.</doc>
<status status="PASS" start="2025-12-28T16:23:26.812630" elapsed="0.000170"/>
</kw>
<var name="${i}">2</var>
<status status="PASS" start="2025-12-28T16:23:26.812025" elapsed="0.000809"/>
</iter>
<var>${i}</var>
<value>${tamanho}</value>
<status status="PASS" start="2025-12-28T16:23:26.810221" elapsed="0.002645"/>
</for>
<kw name="Append To List" owner="Collections">
<arg>${resultados}</arg>
<arg>${dict}</arg>
<doc>Adds ``values`` to the end of ``list``.</doc>
<status status="PASS" start="2025-12-28T16:23:26.812941" elapsed="0.000116"/>
</kw>
<var name="${linha}">Maria Oliveira,maria@email.com,Coordenadora de Projetos</var>
<status status="PASS" start="2025-12-28T16:23:26.809394" elapsed="0.003694"/>
</iter>
<var>${linha}</var>
<value>@{linhas}[1:]</value>
<status status="PASS" start="2025-12-28T16:23:26.800298" elapsed="0.012822"/>
</for>
<return>
<value>${resultados}</value>
<status status="PASS" start="2025-12-28T16:23:26.813177" elapsed="0.000046"/>
</return>
<msg time="2025-12-28T16:23:26.813335" level="INFO">${candidatos} = [{'nome': 'Ana Silva', 'email': 'ana@email.com', 'cargo': 'Analista de RH'}, {'nome': 'Carlos Souza', 'email': 'carlos@email.com', 'cargo': 'Desenvolvedor Python'}, {'nome': 'Maria Oliveira', 'email':...</msg>
<var>${candidatos}</var>
<arg>${CSV_PATH}</arg>
<status status="PASS" start="2025-12-28T16:23:26.798582" elapsed="0.014773"/>
</kw>
<kw name="Log Many" owner="BuiltIn">
<msg time="2025-12-28T16:23:26.813636" level="INFO">{'nome': 'Ana Silva', 'email': 'ana@email.com', 'cargo': 'Analista de RH'}</msg>
<msg time="2025-12-28T16:23:26.813661" level="INFO">{'nome': 'Carlos Souza', 'email': 'carlos@email.com', 'cargo': 'Desenvolvedor Python'}</msg>
<msg time="2025-12-28T16:23:26.813682" level="INFO">{'nome': 'Maria Oliveira', 'email': 'maria@email.com', 'cargo': 'Coordenadora de Projetos'}</msg>
<arg>@{candidatos}</arg>
<doc>Logs the given messages as separate entries using the INFO level.</doc>
<status status="PASS" start="2025-12-28T16:23:26.813472" elapsed="0.000238"/>
</kw>
<for flavor="IN">
<iter>
<kw name="Preencher Formulário">
<kw name="Input Text" owner="SeleniumLibrary">
<msg time="2025-12-28T16:23:26.814585" level="INFO">Typing text 'Ana Silva' into text field 'name=nome'.</msg>
<arg>name=nome</arg>
<arg>${nome}</arg>
<doc>Types the given ``text`` into the text field identified by ``locator``.</doc>
<status status="PASS" start="2025-12-28T16:23:26.814263" elapsed="0.998843"/>
</kw>
<kw name="Input Text" owner="SeleniumLibrary">
<msg time="2025-12-28T16:23:27.813744" level="INFO">Typing text 'ana@email.com' into text field 'name=email'.</msg>
<arg>name=email</arg>
<arg>${email}</arg>
<doc>Types the given ``text`` into the text field identified by ``locator``.</doc>
<status status="PASS" start="2025-12-28T16:23:27.813392" elapsed="1.018230"/>
</kw>
<kw name="Input Text" owner="SeleniumLibrary">
<msg time="2025-12-28T16:23:28.832261" level="INFO">Typing text 'Analista de RH' into text field 'name=cargo'.</msg>
<arg>name=cargo</arg>
<arg>${cargo}</arg>
<doc>Types the given ``text`` into the text field identified by ``locator``.</doc>
<status status="PASS" start="2025-12-28T16:23:28.831896" elapsed="0.974975"/>
</kw>
<kw name="Click Button" owner="SeleniumLibrary">
<msg time="2025-12-28T16:23:29.807428" level="INFO">Clicking button 'xpath=//button[@type='submit']'.</msg>
<arg>xpath=//button[@type='submit']</arg>
<doc>Clicks the button identified by ``locator``.</doc>
<status status="PASS" start="2025-12-28T16:23:29.807121" elapsed="1.608825"/>
</kw>
<kw name="Wait Until Page Contains" owner="SeleniumLibrary">
<arg>cadastrado com sucesso</arg>
<arg>timeout=5s</arg>
<doc>Waits until ``text`` appears on the current page.</doc>
<status status="PASS" start="2025-12-28T16:23:31.416232" elapsed="0.313647"/>
</kw>
<arg>${cand}[nome]</arg>
<arg>${cand}[email]</arg>
<arg>${cand}[cargo]</arg>
<status status="PASS" start="2025-12-28T16:23:26.813982" elapsed="4.916072"/>
</kw>
<var name="${cand}">{'nome': 'Ana Silva', 'email': 'ana@email.com', 'cargo': 'Analista de RH'}</var>
<status status="PASS" start="2025-12-28T16:23:26.813865" elapsed="4.916254"/>
</iter>
<iter>
<kw name="Preencher Formulário">
<kw name="Input Text" owner="SeleniumLibrary">
<msg time="2025-12-28T16:23:31.731288" level="INFO">Typing text 'Carlos Souza' into text field 'name=nome'.</msg>
<arg>name=nome</arg>
<arg>${nome}</arg>
<doc>Types the given ``text`` into the text field identified by ``locator``.</doc>
<status status="PASS" start="2025-12-28T16:23:31.731016" elapsed="0.969401"/>
</kw>
<kw name="Input Text" owner="SeleniumLibrary">
<msg time="2025-12-28T16:23:32.700912" level="INFO">Typing text 'carlos@email.com' into text field 'name=email'.</msg>
<arg>name=email</arg>
<arg>${email}</arg>
<doc>Types the given ``text`` into the text field identified by ``locator``.</doc>
<status status="PASS" start="2025-12-28T16:23:32.700645" elapsed="0.978264"/>
</kw>
<kw name="Input Text" owner="SeleniumLibrary">
<msg time="2025-12-28T16:23:33.679644" level="INFO">Typing text 'Desenvolvedor Python' into text field 'name=cargo'.</msg>
<arg>name=cargo</arg>
<arg>${cargo}</arg>
<doc>Types the given ``text`` into the text field identified by ``locator``.</doc>
<status status="PASS" start="2025-12-28T16:23:33.679235" elapsed="0.983199"/>
</kw>
<kw name="Click Button" owner="SeleniumLibrary">
<msg time="2025-12-28T16:23:34.662831" level="INFO">Clicking button 'xpath=//button[@type='submit']'.</msg>
<arg>xpath=//button[@type='submit']</arg>
<doc>Clicks the button identified by ``locator``.</doc>
<status status="PASS" start="2025-12-28T16:23:34.662642" elapsed="1.589147"/>
</kw>
<kw name="Wait Until Page Contains" owner="SeleniumLibrary">
<arg>cadastrado com sucesso</arg>
<arg>timeout=5s</arg>
<doc>Waits until ``text`` appears on the current page.</doc>
<status status="PASS" start="2025-12-28T16:23:36.252053" elapsed="0.308072"/>
</kw>
<arg>${cand}[nome]</arg>
<arg>${cand}[email]</arg>
<arg>${cand}[cargo]</arg>
<status status="PASS" start="2025-12-28T16:23:31.730532" elapsed="4.829765"/>
</kw>
<var name="${cand}">{'nome': 'Carlos Souza', 'email': 'carlos@email.com', 'cargo': 'Desenvolvedor Python'}</var>
<status status="PASS" start="2025-12-28T16:23:31.730319" elapsed="4.830041"/>
</iter>
<iter>
<kw name="Preencher Formulário">
<kw name="Input Text" owner="SeleniumLibrary">
<msg time="2025-12-28T16:23:36.561486" level="INFO">Typing text 'Maria Oliveira' into text field 'name=nome'.</msg>
<arg>name=nome</arg>
<arg>${nome}</arg>
<doc>Types the given ``text`` into the text field identified by ``locator``.</doc>
<status status="PASS" start="2025-12-28T16:23:36.561238" elapsed="1.691833"/>
</kw>
<kw name="Input Text" owner="SeleniumLibrary">
<msg time="2025-12-28T16:23:38.253668" level="INFO">Typing text 'maria@email.com' into text field 'name=email'.</msg>
<arg>name=email</arg>
<arg>${email}</arg>
<doc>Types the given ``text`` into the text field identified by ``locator``.</doc>
<status status="PASS" start="2025-12-28T16:23:38.253359" elapsed="0.976910"/>
</kw>
<kw name="Input Text" owner="SeleniumLibrary">
<msg time="2025-12-28T16:23:39.230838" level="INFO">Typing text 'Coordenadora de Projetos' into text field 'name=cargo'.</msg>
<arg>name=cargo</arg>
<arg>${cargo}</arg>
<doc>Types the given ``text`` into the text field identified by ``locator``.</doc>
<status status="PASS" start="2025-12-28T16:23:39.230524" elapsed="0.979748"/>
</kw>
<kw name="Click Button" owner="SeleniumLibrary">
<msg time="2025-12-28T16:23:40.210824" level="INFO">Clicking button 'xpath=//button[@type='submit']'.</msg>
<arg>xpath=//button[@type='submit']</arg>
<doc>Clicks the button identified by ``locator``.</doc>
<status status="PASS" start="2025-12-28T16:23:40.210528" elapsed="1.579608"/>
</kw>
<kw name="Wait Until Page Contains" owner="SeleniumLibrary">
<arg>cadastrado com sucesso</arg>
<arg>timeout=5s</arg>
<doc>Waits until ``text`` appears on the current page.</doc>
<status status="PASS" start="2025-12-28T16:23:41.790413" elapsed="0.308344"/>
</kw>
<arg>${cand}[nome]</arg>
<arg>${cand}[email]</arg>
<arg>${cand}[cargo]</arg>
<status status="PASS" start="2025-12-28T16:23:36.560753" elapsed="5.538239"/>
</kw>
<var name="${cand}">{'nome': 'Maria Oliveira', 'email': 'maria@email.com', 'cargo': 'Coordenadora de Projetos'}</var>
<status status="PASS" start="2025-12-28T16:23:36.560550" elapsed="5.538513"/>
</iter>
<var>${cand}</var>
<value>@{candidatos}</value>
<status status="PASS" start="2025-12-28T16:23:26.813770" elapsed="15.285367"/>
</for>
<kw name="Close Browser" owner="SeleniumLibrary">
<doc>Closes the current browser.</doc>
<status status="PASS" start="2025-12-28T16:23:42.099475" elapsed="0.397290"/>
</kw>
<status status="PASS" start="2025-12-28T16:23:25.878673" elapsed="16.618386"/>
</test>
<doc>Simula cadastro de candidatos lidos de um CSV</doc>
<status status="PASS" start="2025-12-28T16:23:25.744939" elapsed="16.752689"/>
</suite>
<statistics>
<total>
<stat pass="1" fail="0" skip="0">All Tests</stat>
</total>
<tag>
</tag>
<suite>
<stat name="Fill Form From Csv" id="s1" pass="1" fail="0" skip="0">Fill Form From Csv</stat>
</suite>
</statistics>
<errors>
</errors>
</robot>
